<?xml version="1.0" encoding="UTF-8"?>
<!-- Generated by org.testng.reporters.JUnitReportReporter -->
<testsuite skipped="0" hostname="LAPTOP-NLMRCDTF" name="testcases.TC002" tests="5" failures="0" timestamp="14 Jun 2020 14:29:41 GMT" time="133.176" errors="0">
  <testcase name="validLogin" time="23.204" classname="testcases.TC002"/>
  <testcase name="validLogin" time="34.770" classname="testcases.TC002"/>
  <testcase name="validLogin" time="24.777" classname="testcases.TC002"/>
  <testcase name="validLogin" time="25.369" classname="testcases.TC002"/>
  <testcase name="validLogin" time="25.056" classname="testcases.TC002"/>
</testsuite> <!-- testcases.TC002 -->
