<?xml version="1.0" encoding="UTF-8"?>
<!-- Generated by org.testng.reporters.JUnitReportReporter -->
<testsuite skipped="0" hostname="LAPTOP-NLMRCDTF" name="testcases.TC001" tests="1" failures="0" timestamp="14 Jun 2020 11:52:18 GMT" time="44.181" errors="0">
  <testcase name="validLogin" time="44.181" classname="testcases.TC001"/>
</testsuite> <!-- testcases.TC001 -->
